<?xml version="1.0" encoding="UTF-8"?>
<!-- Generated by org.testng.reporters.JUnitXMLReporter -->
<testsuite hostname="LAPTOP-43UJF3RO" name="Default test" tests="3" failures="0" timestamp="13 Mar 2020 12:01:44 GMT" time="30.042" errors="0">
  <testcase name="AddCartVerification" time="21.212" classname="OnlineTest.DressPageTest"/>
  <testcase name="DressSizeDisplayed" time="4.473" classname="OnlineTest.DressPageTest"/>
  <testcase name="ProductCheck" time="4.239" classname="OnlineTest.DressPageTest"/>
</testsuite> <!-- Default test -->
