<?xml version="1.0" encoding="UTF-8"?>
<!-- Generated by org.testng.reporters.JUnitXMLReporter -->
<testsuite hostname="LAPTOP-43UJF3RO" name="Test" tests="6" failures="0" timestamp="13 Mar 2020 12:35:44 GMT" time="36.693" errors="0">
  <testcase name="AddCartVerification" time="19.814" classname="OnlineTest.DressPageTest"/>
  <testcase name="DressSizeDisplayed" time="2.649" classname="OnlineTest.DressPageTest"/>
  <testcase name="ProductCheck" time="2.638" classname="OnlineTest.DressPageTest"/>
  <testcase name="HomePageDisplayed" time="0.24" classname="OnlineTest.HomePageTest"/>
  <testcase name="PageNavigated" time="8.396" classname="OnlineTest.HomePageTest"/>
  <testcase name="EmailNewsLetter" time="2.886" classname="OnlineTest.HomePageTest"/>
</testsuite> <!-- Test -->
