<?xml version="1.0" encoding="UTF-8"?>
<!-- Generated by org.testng.reporters.JUnitXMLReporter -->
<testsuite hostname="LAPTOP-43UJF3RO" name="Test" tests="6" failures="0" timestamp="13 Mar 2020 12:40:44 GMT" time="37.218" errors="0">
  <testcase name="AddCartVerification" time="18.759" classname="OnlineTest.DressPageTest"/>
  <testcase name="DressSizeDisplayed" time="2.238" classname="OnlineTest.DressPageTest"/>
  <testcase name="ProductCheck" time="3.273" classname="OnlineTest.DressPageTest"/>
  <testcase name="HomePageDisplayed" time="0.214" classname="OnlineTest.HomePageTest"/>
  <testcase name="PageNavigated" time="9.166" classname="OnlineTest.HomePageTest"/>
  <testcase name="EmailNewsLetter" time="3.417" classname="OnlineTest.HomePageTest"/>
</testsuite> <!-- Test -->
