<?xml version="1.0" encoding="UTF-8"?>
<testng-results skipped="0" failed="0" total="6" passed="6">
  <reporter-output>
  </reporter-output>
  <suite name="Suite" duration-ms="37218" started-at="2020-03-13T12:40:06Z" finished-at="2020-03-13T12:40:43Z">
    <groups>
    </groups>
    <test name="Test" duration-ms="37218" started-at="2020-03-13T12:40:06Z" finished-at="2020-03-13T12:40:43Z">
      <class name="OnlineTest.DressPageTest">
        <test-method status="PASS" signature="AddCartVerification()[pri:0, instance:OnlineTest.DressPageTest@57af006c]" name="AddCartVerification" duration-ms="18759" started-at="2020-03-13T18:10:06Z" finished-at="2020-03-13T18:10:25Z">
          <reporter-output>
          </reporter-output>
        </test-method> <!-- AddCartVerification -->
        <test-method status="PASS" signature="DressSizeDisplayed()[pri:0, instance:OnlineTest.DressPageTest@57af006c]" name="DressSizeDisplayed" duration-ms="2238" started-at="2020-03-13T18:10:25Z" finished-at="2020-03-13T18:10:27Z">
          <reporter-output>
          </reporter-output>
        </test-method> <!-- DressSizeDisplayed -->
        <test-method status="PASS" signature="ProductCheck()[pri:0, instance:OnlineTest.DressPageTest@57af006c]" name="ProductCheck" duration-ms="3273" started-at="2020-03-13T18:10:27Z" finished-at="2020-03-13T18:10:30Z">
          <reporter-output>
          </reporter-output>
        </test-method> <!-- ProductCheck -->
      </class> <!-- OnlineTest.DressPageTest -->
      <class name="OnlineTest.HomePageTest">
        <test-method status="PASS" signature="HomePageDisplayed()[pri:0, instance:OnlineTest.HomePageTest@3059cbc]" name="HomePageDisplayed" duration-ms="214" started-at="2020-03-13T18:10:30Z" finished-at="2020-03-13T18:10:30Z">
          <reporter-output>
          </reporter-output>
        </test-method> <!-- HomePageDisplayed -->
        <test-method status="PASS" signature="PageNavigated()[pri:0, instance:OnlineTest.HomePageTest@3059cbc]" name="PageNavigated" duration-ms="9166" started-at="2020-03-13T18:10:30Z" finished-at="2020-03-13T18:10:39Z">
          <reporter-output>
          </reporter-output>
        </test-method> <!-- PageNavigated -->
        <test-method status="PASS" signature="EmailNewsLetter()[pri:0, instance:OnlineTest.HomePageTest@3059cbc]" name="EmailNewsLetter" duration-ms="3417" started-at="2020-03-13T18:10:40Z" finished-at="2020-03-13T18:10:43Z">
          <reporter-output>
          </reporter-output>
        </test-method> <!-- EmailNewsLetter -->
      </class> <!-- OnlineTest.HomePageTest -->
    </test> <!-- Test -->
  </suite> <!-- Suite -->
</testng-results>
